<?xml version='1.0' encoding='UTF-8'?>
<testsuite hostname="Lucass-MacBook-Pro.local" name="btree.InsertionSpec" tests="1" errors="0" failures="0" skipped="0" time="72.544">
                     <properties>
[...]
</properties>
                     <testcase classname="btree.InsertionSpec" name="btree data should be equal test data" time="72.544">
                                                 
                                               </testcase>
                     <system-out><![CDATA[]]></system-out>
                     <system-err><![CDATA[]]></system-err>
                   </testsuite>